<?xml version="1.0" encoding="UTF-8" ?>
<testsuite failures="0" time="0.083" errors="1" skipped="0" tests="1" name="org.biosemantics.wsd.conceptstore.test.ConceptStoreTest">
  <properties>
    <property name="java.runtime.name" value="Java(TM) SE Runtime Environment"/>
    <property name="sun.boot.library.path" value="/System/Library/Java/JavaVirtualMachines/1.6.0.jdk/Contents/Libraries"/>
    <property name="java.vm.version" value="20.4-b02-402"/>
    <property name="awt.nativeDoubleBuffering" value="true"/>
    <property name="gopherProxySet" value="false"/>
    <property name="mrj.build" value="11D50b"/>
    <property name="java.vm.vendor" value="Apple Inc."/>
    <property name="java.vendor.url" value="http://www.apple.com/"/>
    <property name="path.separator" value=":"/>
    <property name="java.vm.name" value="Java HotSpot(TM) 64-Bit Server VM"/>
    <property name="file.encoding.pkg" value="sun.io"/>
    <property name="user.country" value="US"/>
    <property name="sun.java.launcher" value="SUN_STANDARD"/>
    <property name="sun.os.patch.level" value="unknown"/>
    <property name="java.vm.specification.name" value="Java Virtual Machine Specification"/>
    <property name="user.dir" value="/Users/bhsingh/Code/workspace/wsd/conceptstore-graph-impl"/>
    <property name="java.runtime.version" value="1.6.0_29-b11-402-11D50b"/>
    <property name="java.awt.graphicsenv" value="apple.awt.CGraphicsEnvironment"/>
    <property name="basedir" value="/Users/bhsingh/Code/workspace/wsd/conceptstore-graph-impl"/>
    <property name="java.endorsed.dirs" value="/System/Library/Java/JavaVirtualMachines/1.6.0.jdk/Contents/Home/lib/endorsed"/>
    <property name="os.arch" value="x86_64"/>
    <property name="surefire.real.class.path" value="/Users/bhsingh/Code/workspace/wsd/conceptstore-graph-impl/target/surefire/surefirebooter1069542634415202219.jar"/>
    <property name="java.io.tmpdir" value="/var/folders/5t/1kpt0z7d5rdd8hl_qzvrp5680000gn/T/"/>
    <property name="line.separator" value="
"/>
    <property name="java.vm.specification.vendor" value="Sun Microsystems Inc."/>
    <property name="os.name" value="Mac OS X"/>
    <property name="sun.jnu.encoding" value="MacRoman"/>
    <property name="java.library.path" value=".:/Library/Java/Extensions:/System/Library/Java/Extensions:/usr/lib/java"/>
    <property name="surefire.test.class.path" value="/Users/bhsingh/Code/workspace/wsd/conceptstore-graph-impl/target/test-classes:/Users/bhsingh/Code/workspace/wsd/conceptstore-graph-impl/target/classes:/Users/bhsingh/.m2/repository/org/springframework/spring-core/3.0.7.RELEASE/spring-core-3.0.7.RELEASE.jar:/Users/bhsingh/.m2/repository/org/springframework/spring-asm/3.0.7.RELEASE/spring-asm-3.0.7.RELEASE.jar:/Users/bhsingh/.m2/repository/commons-logging/commons-logging/1.1.1/commons-logging-1.1.1.jar:/Users/bhsingh/.m2/repository/org/springframework/spring-context/3.0.7.RELEASE/spring-context-3.0.7.RELEASE.jar:/Users/bhsingh/.m2/repository/org/springframework/spring-beans/3.0.7.RELEASE/spring-beans-3.0.7.RELEASE.jar:/Users/bhsingh/.m2/repository/org/springframework/spring-expression/3.0.7.RELEASE/spring-expression-3.0.7.RELEASE.jar:/Users/bhsingh/.m2/repository/org/springframework/spring-aop/3.0.7.RELEASE/spring-aop-3.0.7.RELEASE.jar:/Users/bhsingh/.m2/repository/aopalliance/aopalliance/1.0/aopalliance-1.0.jar:/Users/bhsingh/.m2/repository/org/springframework/spring-aspects/3.0.7.RELEASE/spring-aspects-3.0.7.RELEASE.jar:/Users/bhsingh/.m2/repository/org/springframework/spring-context-support/3.0.7.RELEASE/spring-context-support-3.0.7.RELEASE.jar:/Users/bhsingh/.m2/repository/org/springframework/spring-tx/3.0.7.RELEASE/spring-tx-3.0.7.RELEASE.jar:/Users/bhsingh/.m2/repository/org/springframework/spring-test/3.0.7.RELEASE/spring-test-3.0.7.RELEASE.jar:/Users/bhsingh/.m2/repository/junit/junit/4.8.2/junit-4.8.2.jar:/Users/bhsingh/.m2/repository/org/neo4j/neo4j/1.6/neo4j-1.6.jar:/Users/bhsingh/.m2/repository/org/neo4j/neo4j-kernel/1.6/neo4j-kernel-1.6.jar:/Users/bhsingh/.m2/repository/org/apache/geronimo/specs/geronimo-jta_1.1_spec/1.1.1/geronimo-jta_1.1_spec-1.1.1.jar:/Users/bhsingh/.m2/repository/org/neo4j/neo4j-lucene-index/1.6/neo4j-lucene-index-1.6.jar:/Users/bhsingh/.m2/repository/org/apache/lucene/lucene-core/3.5.0/lucene-core-3.5.0.jar:/Users/bhsingh/.m2/repository/org/neo4j/neo4j-graph-algo/1.6/neo4j-graph-algo-1.6.jar:/Users/bhsingh/.m2/repository/org/neo4j/neo4j-udc/1.6/neo4j-udc-1.6.jar:/Users/bhsingh/.m2/repository/org/neo4j/neo4j-graph-matching/1.6/neo4j-graph-matching-1.6.jar:/Users/bhsingh/.m2/repository/org/neo4j/neo4j-cypher/1.6/neo4j-cypher-1.6.jar:/Users/bhsingh/.m2/repository/org/scala-lang/scala-library/2.9.0-1/scala-library-2.9.0-1.jar:/Users/bhsingh/.m2/repository/org/neo4j/neo4j-jmx/1.6/neo4j-jmx-1.6.jar:/Users/bhsingh/.m2/repository/org/springframework/data/spring-data-neo4j/2.0.0.RELEASE/spring-data-neo4j-2.0.0.RELEASE.jar:/Users/bhsingh/.m2/repository/org/springframework/spring-orm/3.0.6.RELEASE/spring-orm-3.0.6.RELEASE.jar:/Users/bhsingh/.m2/repository/org/springframework/spring-jdbc/3.0.6.RELEASE/spring-jdbc-3.0.6.RELEASE.jar:/Users/bhsingh/.m2/repository/org/springframework/data/spring-data-commons-core/1.2.0.RC1/spring-data-commons-core-1.2.0.RC1.jar:/Users/bhsingh/.m2/repository/org/slf4j/slf4j-api/1.6.1/slf4j-api-1.6.1.jar:/Users/bhsingh/.m2/repository/org/slf4j/jcl-over-slf4j/1.6.1/jcl-over-slf4j-1.6.1.jar:/Users/bhsingh/.m2/repository/org/slf4j/slf4j-log4j12/1.6.1/slf4j-log4j12-1.6.1.jar:/Users/bhsingh/.m2/repository/log4j/log4j/1.2.15/log4j-1.2.15.jar:/Users/bhsingh/.m2/repository/org/aspectj/aspectjrt/1.6.12/aspectjrt-1.6.12.jar:/Users/bhsingh/.m2/repository/cglib/cglib/2.2/cglib-2.2.jar:/Users/bhsingh/.m2/repository/asm/asm/3.1/asm-3.1.jar:/Users/bhsingh/.m2/repository/org/neo4j/neo4j-cypher-dsl/1.6.M02/neo4j-cypher-dsl-1.6.M02.jar:/Users/bhsingh/.m2/repository/org/hibernate/javax/persistence/hibernate-jpa-2.0-api/1.0.0.Final/hibernate-jpa-2.0-api-1.0.0.Final.jar:/Users/bhsingh/.m2/repository/javax/validation/validation-api/1.0.0.GA/validation-api-1.0.0.GA.jar:"/>
    <property name="java.specification.name" value="Java Platform API Specification"/>
    <property name="java.class.version" value="50.0"/>
    <property name="sun.management.compiler" value="HotSpot 64-Bit Tiered Compilers"/>
    <property name="os.version" value="10.7.3"/>
    <property name="http.nonProxyHosts" value="local|*.local|169.254/16|*.169.254/16"/>
    <property name="user.home" value="/Users/bhsingh"/>
    <property name="user.timezone" value=""/>
    <property name="java.awt.printerjob" value="apple.awt.CPrinterJob"/>
    <property name="java.specification.version" value="1.6"/>
    <property name="file.encoding" value="MacRoman"/>
    <property name="user.name" value="bhsingh"/>
    <property name="java.class.path" value="/Users/bhsingh/Code/workspace/wsd/conceptstore-graph-impl/target/test-classes:/Users/bhsingh/Code/workspace/wsd/conceptstore-graph-impl/target/classes:/Users/bhsingh/.m2/repository/org/springframework/spring-core/3.0.7.RELEASE/spring-core-3.0.7.RELEASE.jar:/Users/bhsingh/.m2/repository/org/springframework/spring-asm/3.0.7.RELEASE/spring-asm-3.0.7.RELEASE.jar:/Users/bhsingh/.m2/repository/commons-logging/commons-logging/1.1.1/commons-logging-1.1.1.jar:/Users/bhsingh/.m2/repository/org/springframework/spring-context/3.0.7.RELEASE/spring-context-3.0.7.RELEASE.jar:/Users/bhsingh/.m2/repository/org/springframework/spring-beans/3.0.7.RELEASE/spring-beans-3.0.7.RELEASE.jar:/Users/bhsingh/.m2/repository/org/springframework/spring-expression/3.0.7.RELEASE/spring-expression-3.0.7.RELEASE.jar:/Users/bhsingh/.m2/repository/org/springframework/spring-aop/3.0.7.RELEASE/spring-aop-3.0.7.RELEASE.jar:/Users/bhsingh/.m2/repository/aopalliance/aopalliance/1.0/aopalliance-1.0.jar:/Users/bhsingh/.m2/repository/org/springframework/spring-aspects/3.0.7.RELEASE/spring-aspects-3.0.7.RELEASE.jar:/Users/bhsingh/.m2/repository/org/springframework/spring-context-support/3.0.7.RELEASE/spring-context-support-3.0.7.RELEASE.jar:/Users/bhsingh/.m2/repository/org/springframework/spring-tx/3.0.7.RELEASE/spring-tx-3.0.7.RELEASE.jar:/Users/bhsingh/.m2/repository/org/springframework/spring-test/3.0.7.RELEASE/spring-test-3.0.7.RELEASE.jar:/Users/bhsingh/.m2/repository/junit/junit/4.8.2/junit-4.8.2.jar:/Users/bhsingh/.m2/repository/org/neo4j/neo4j/1.6/neo4j-1.6.jar:/Users/bhsingh/.m2/repository/org/neo4j/neo4j-kernel/1.6/neo4j-kernel-1.6.jar:/Users/bhsingh/.m2/repository/org/apache/geronimo/specs/geronimo-jta_1.1_spec/1.1.1/geronimo-jta_1.1_spec-1.1.1.jar:/Users/bhsingh/.m2/repository/org/neo4j/neo4j-lucene-index/1.6/neo4j-lucene-index-1.6.jar:/Users/bhsingh/.m2/repository/org/apache/lucene/lucene-core/3.5.0/lucene-core-3.5.0.jar:/Users/bhsingh/.m2/repository/org/neo4j/neo4j-graph-algo/1.6/neo4j-graph-algo-1.6.jar:/Users/bhsingh/.m2/repository/org/neo4j/neo4j-udc/1.6/neo4j-udc-1.6.jar:/Users/bhsingh/.m2/repository/org/neo4j/neo4j-graph-matching/1.6/neo4j-graph-matching-1.6.jar:/Users/bhsingh/.m2/repository/org/neo4j/neo4j-cypher/1.6/neo4j-cypher-1.6.jar:/Users/bhsingh/.m2/repository/org/scala-lang/scala-library/2.9.0-1/scala-library-2.9.0-1.jar:/Users/bhsingh/.m2/repository/org/neo4j/neo4j-jmx/1.6/neo4j-jmx-1.6.jar:/Users/bhsingh/.m2/repository/org/springframework/data/spring-data-neo4j/2.0.0.RELEASE/spring-data-neo4j-2.0.0.RELEASE.jar:/Users/bhsingh/.m2/repository/org/springframework/spring-orm/3.0.6.RELEASE/spring-orm-3.0.6.RELEASE.jar:/Users/bhsingh/.m2/repository/org/springframework/spring-jdbc/3.0.6.RELEASE/spring-jdbc-3.0.6.RELEASE.jar:/Users/bhsingh/.m2/repository/org/springframework/data/spring-data-commons-core/1.2.0.RC1/spring-data-commons-core-1.2.0.RC1.jar:/Users/bhsingh/.m2/repository/org/slf4j/slf4j-api/1.6.1/slf4j-api-1.6.1.jar:/Users/bhsingh/.m2/repository/org/slf4j/jcl-over-slf4j/1.6.1/jcl-over-slf4j-1.6.1.jar:/Users/bhsingh/.m2/repository/org/slf4j/slf4j-log4j12/1.6.1/slf4j-log4j12-1.6.1.jar:/Users/bhsingh/.m2/repository/log4j/log4j/1.2.15/log4j-1.2.15.jar:/Users/bhsingh/.m2/repository/org/aspectj/aspectjrt/1.6.12/aspectjrt-1.6.12.jar:/Users/bhsingh/.m2/repository/cglib/cglib/2.2/cglib-2.2.jar:/Users/bhsingh/.m2/repository/asm/asm/3.1/asm-3.1.jar:/Users/bhsingh/.m2/repository/org/neo4j/neo4j-cypher-dsl/1.6.M02/neo4j-cypher-dsl-1.6.M02.jar:/Users/bhsingh/.m2/repository/org/hibernate/javax/persistence/hibernate-jpa-2.0-api/1.0.0.Final/hibernate-jpa-2.0-api-1.0.0.Final.jar:/Users/bhsingh/.m2/repository/javax/validation/validation-api/1.0.0.GA/validation-api-1.0.0.GA.jar:"/>
    <property name="java.vm.specification.version" value="1.0"/>
    <property name="sun.arch.data.model" value="64"/>
    <property name="java.home" value="/System/Library/Java/JavaVirtualMachines/1.6.0.jdk/Contents/Home"/>
    <property name="sun.java.command" value="/Users/bhsingh/Code/workspace/wsd/conceptstore-graph-impl/target/surefire/surefirebooter1069542634415202219.jar /Users/bhsingh/Code/workspace/wsd/conceptstore-graph-impl/target/surefire/surefire1644940911677199458tmp /Users/bhsingh/Code/workspace/wsd/conceptstore-graph-impl/target/surefire/surefire1138780855066979949tmp"/>
    <property name="java.specification.vendor" value="Sun Microsystems Inc."/>
    <property name="user.language" value="en"/>
    <property name="awt.toolkit" value="apple.awt.CToolkit"/>
    <property name="java.vm.info" value="mixed mode"/>
    <property name="java.version" value="1.6.0_29"/>
    <property name="java.ext.dirs" value="/Library/Java/Extensions:/System/Library/Java/Extensions:/System/Library/Java/JavaVirtualMachines/1.6.0.jdk/Contents/Home/lib/ext"/>
    <property name="sun.boot.class.path" value="/System/Library/Java/JavaVirtualMachines/1.6.0.jdk/Contents/Classes/jsfd.jar:/System/Library/Java/JavaVirtualMachines/1.6.0.jdk/Contents/Classes/classes.jar:/System/Library/Frameworks/JavaVM.framework/Frameworks/JavaRuntimeSupport.framework/Resources/Java/JavaRuntimeSupport.jar:/System/Library/Java/JavaVirtualMachines/1.6.0.jdk/Contents/Classes/ui.jar:/System/Library/Java/JavaVirtualMachines/1.6.0.jdk/Contents/Classes/laf.jar:/System/Library/Java/JavaVirtualMachines/1.6.0.jdk/Contents/Classes/sunrsasign.jar:/System/Library/Java/JavaVirtualMachines/1.6.0.jdk/Contents/Classes/jsse.jar:/System/Library/Java/JavaVirtualMachines/1.6.0.jdk/Contents/Classes/jce.jar:/System/Library/Java/JavaVirtualMachines/1.6.0.jdk/Contents/Classes/charsets.jar"/>
    <property name="java.vendor" value="Apple Inc."/>
    <property name="localRepository" value="/Users/bhsingh/.m2/repository"/>
    <property name="file.separator" value="/"/>
    <property name="java.vendor.url.bug" value="http://bugreport.apple.com/"/>
    <property name="sun.cpu.endian" value="little"/>
    <property name="sun.io.unicode.encoding" value="UnicodeLittle"/>
    <property name="mrj.version" value="1070.1.6.0_29-402"/>
    <property name="socksNonProxyHosts" value="local|*.local|169.254/16|*.169.254/16"/>
    <property name="ftp.nonProxyHosts" value="local|*.local|169.254/16|*.169.254/16"/>
    <property name="sun.cpu.isalist" value=""/>
  </properties>
  <testcase time="0.008" classname="org.biosemantics.wsd.conceptstore.test.ConceptStoreTest" name="persistedMovieShouldBeRetrievableFromGraphDb">
    <error type="java.lang.NullPointerException">java.lang.NullPointerException
	at org.biosemantics.wsd.conceptstore.test.ConceptStoreTest.persistedMovieShouldBeRetrievableFromGraphDb(ConceptStoreTest.java:22)
	at sun.reflect.NativeMethodAccessorImpl.invoke0(Native Method)
	at sun.reflect.NativeMethodAccessorImpl.invoke(NativeMethodAccessorImpl.java:39)
	at sun.reflect.DelegatingMethodAccessorImpl.invoke(DelegatingMethodAccessorImpl.java:25)
	at java.lang.reflect.Method.invoke(Method.java:597)
	at org.junit.runners.model.FrameworkMethod$1.runReflectiveCall(FrameworkMethod.java:44)
	at org.junit.internal.runners.model.ReflectiveCallable.run(ReflectiveCallable.java:15)
	at org.junit.runners.model.FrameworkMethod.invokeExplosively(FrameworkMethod.java:41)
	at org.junit.internal.runners.statements.InvokeMethod.evaluate(InvokeMethod.java:20)
	at org.junit.runners.BlockJUnit4ClassRunner.runNotIgnored(BlockJUnit4ClassRunner.java:79)
	at org.junit.runners.BlockJUnit4ClassRunner.runChild(BlockJUnit4ClassRunner.java:71)
	at org.junit.runners.BlockJUnit4ClassRunner.runChild(BlockJUnit4ClassRunner.java:49)
	at org.junit.runners.ParentRunner$3.run(ParentRunner.java:193)
	at org.junit.runners.ParentRunner$1.schedule(ParentRunner.java:52)
	at org.junit.runners.ParentRunner.runChildren(ParentRunner.java:191)
	at org.junit.runners.ParentRunner.access$000(ParentRunner.java:42)
	at org.junit.runners.ParentRunner$2.evaluate(ParentRunner.java:184)
	at org.junit.runners.ParentRunner.run(ParentRunner.java:236)
	at org.apache.maven.surefire.junit4.JUnit4TestSet.execute(JUnit4TestSet.java:35)
	at org.apache.maven.surefire.junit4.JUnit4Provider.executeTestSet(JUnit4Provider.java:115)
	at org.apache.maven.surefire.junit4.JUnit4Provider.invoke(JUnit4Provider.java:97)
	at sun.reflect.NativeMethodAccessorImpl.invoke0(Native Method)
	at sun.reflect.NativeMethodAccessorImpl.invoke(NativeMethodAccessorImpl.java:39)
	at sun.reflect.DelegatingMethodAccessorImpl.invoke(DelegatingMethodAccessorImpl.java:25)
	at java.lang.reflect.Method.invoke(Method.java:597)
	at org.apache.maven.surefire.booter.ProviderFactory$ClassLoaderProxy.invoke(ProviderFactory.java:103)
	at $Proxy0.invoke(Unknown Source)
	at org.apache.maven.surefire.booter.SurefireStarter.invokeProvider(SurefireStarter.java:150)
	at org.apache.maven.surefire.booter.SurefireStarter.runSuitesInProcess(SurefireStarter.java:91)
	at org.apache.maven.surefire.booter.ForkedBooter.main(ForkedBooter.java:69)
</error>
    <system-out>@HL
@HL-------------------------------------------------------
@HL T E S T S
@HL-------------------------------------------------------
@SLRunning org.biosemantics.wsd.conceptstore.test.ConceptStoreTest
</system-out>
  </testcase>
</testsuite>